<?xml version="1.0" encoding="UTF-8"?>
<testsuite name="SqlInjectionTutorialRow unit test" tests="8" skipped="0" failures="0" errors="0" timestamp="2020-09-14T14:07:38" hostname="PCSE07195" time="0.151">
  <properties/>
  <testcase name="builderToString_ValidData_AsExpected()" classname="org.owasp.securityshepherd.test.module.sql.SqlInjectionTutorialRowTest" time="0.004"/>
  <testcase name="buildComment_ValidComment_Builds()" classname="org.owasp.securityshepherd.test.module.sql.SqlInjectionTutorialRowTest" time="0.001"/>
  <testcase name="toString_ValidData_AsExpected()" classname="org.owasp.securityshepherd.test.module.sql.SqlInjectionTutorialRowTest" time="0.0"/>
  <testcase name="buildName_ValidName_BuildsSqlInjectionTutorialRow()" classname="org.owasp.securityshepherd.test.module.sql.SqlInjectionTutorialRowTest" time="0.0"/>
  <testcase name="buildName_ValidName_Builds()" classname="org.owasp.securityshepherd.test.module.sql.SqlInjectionTutorialRowTest" time="0.001"/>
  <testcase name="buildError_ValidError_Builds()" classname="org.owasp.securityshepherd.test.module.sql.SqlInjectionTutorialRowTest" time="0.0"/>
  <testcase name="build_NullNameCommentAndError_ThrowsNullPointerException()" classname="org.owasp.securityshepherd.test.module.sql.SqlInjectionTutorialRowTest" time="0.001"/>
  <testcase name="equals_EqualsVerifier_AsExpected()" classname="org.owasp.securityshepherd.test.module.sql.SqlInjectionTutorialRowTest" time="0.138"/>
  <system-out><![CDATA[16:07:38.687 [ForkJoinPool-1-worker-3] DEBUG reactor.core.publisher.Hooks - Enabling stacktrace debugging via onOperatorDebug
]]></system-out>
  <system-err><![CDATA[]]></system-err>
</testsuite>
