<?xml version="1.0" encoding="UTF-8"?>
<testsuite name="PasswordEncoderConfiguration unit test" tests="1" skipped="0" failures="0" errors="0" timestamp="2020-09-14T14:07:31" hostname="PCSE07195" time="1.352">
  <properties/>
  <testcase name="passwordEncoder_NoArgument_ReturnsBcryptPasswordEncoder()" classname="org.owasp.securityshepherd.test.configuration.PasswordEncoderConfigurationTest" time="1.352"/>
  <system-out><![CDATA[]]></system-out>
  <system-err><![CDATA[]]></system-err>
</testsuite>
