<?xml version="1.0" encoding="UTF-8"?>
<testsuite name="FlagHandler unit test" tests="18" skipped="0" failures="0" errors="0" timestamp="2020-09-14T14:07:40" hostname="PCSE07195" time="1.201">
  <properties/>
  <testcase name="getDynamicFlag_FlagIsExact_ReturnsInvalidFlagStateException()" classname="org.owasp.securityshepherd.test.service.FlagHandlerTest" time="0.892"/>
  <testcase name="getDynamicFlag_ZeroUserId_ReturnsInvalidUserIdException()" classname="org.owasp.securityshepherd.test.service.FlagHandlerTest" time="0.004"/>
  <testcase name="verifyFlag_NullExactFlag_ReturnsFalse()" classname="org.owasp.securityshepherd.test.service.FlagHandlerTest" time="0.002"/>
  <testcase name="verifyFlag_CorrectDynamicFlag_ReturnsTrue()" classname="org.owasp.securityshepherd.test.service.FlagHandlerTest" time="0.024"/>
  <testcase name="getDynamicFlag_ZeroModuleId_ReturnsInvalidModuleIdException()" classname="org.owasp.securityshepherd.test.service.FlagHandlerTest" time="0.002"/>
  <testcase name="verifyFlag_CorrectUpperCaseFlag_ReturnsTrue()" classname="org.owasp.securityshepherd.test.service.FlagHandlerTest" time="0.006"/>
  <testcase name="verifyFlag_WrongExactFlag_ReturnsFalse()" classname="org.owasp.securityshepherd.test.service.FlagHandlerTest" time="0.005"/>
  <testcase name="verifyFlag_CorrectExactFlag_ReturnsTrue()" classname="org.owasp.securityshepherd.test.service.FlagHandlerTest" time="0.008"/>
  <testcase name="getDynamicFlag_NegativeUserId_ReturnsInvalidUserIdException()" classname="org.owasp.securityshepherd.test.service.FlagHandlerTest" time="0.047"/>
  <testcase name="getDynamicFlag_FlagIsSet_ReturnsFlag()" classname="org.owasp.securityshepherd.test.service.FlagHandlerTest" time="0.025"/>
  <testcase name="getDynamicFlag_FlagNotEnabled_ReturnsInvalidFlagStateException()" classname="org.owasp.securityshepherd.test.service.FlagHandlerTest" time="0.005"/>
  <testcase name="verifyFlag_FlagNotEnabled_ReturnsInvalidFlagStateException()" classname="org.owasp.securityshepherd.test.service.FlagHandlerTest" time="0.005"/>
  <testcase name="verifyFlag_EmptyExactFlag_ReturnsFalse()" classname="org.owasp.securityshepherd.test.service.FlagHandlerTest" time="0.006"/>
  <testcase name="verifyFlag_WrongDynamicFlag_ReturnsFalse()" classname="org.owasp.securityshepherd.test.service.FlagHandlerTest" time="0.009"/>
  <testcase name="verifyFlag_EmptyDynamicFlag_ReturnsFalse()" classname="org.owasp.securityshepherd.test.service.FlagHandlerTest" time="0.009"/>
  <testcase name="verifyFlag_CorrectLowerCaseFlag_ReturnsTrue()" classname="org.owasp.securityshepherd.test.service.FlagHandlerTest" time="0.125"/>
  <testcase name="getDynamicFlag_NegativeModuleId_ReturnsInvalidModuleIdException()" classname="org.owasp.securityshepherd.test.service.FlagHandlerTest" time="0.006"/>
  <testcase name="verifyFlag_NullDynamicFlag_ReturnsFalse()" classname="org.owasp.securityshepherd.test.service.FlagHandlerTest" time="0.001"/>
  <system-out><![CDATA[16:07:41.253 [ForkJoinPool-1-worker-6] DEBUG org.owasp.securityshepherd.module.FlagHandler - User MockUser submitted valid flag thisisavalidflag to module TestModule
16:07:41.265 [ForkJoinPool-1-worker-6] DEBUG org.owasp.securityshepherd.module.FlagHandler - User MockUser submitted valid flag VALIDFLAGWITHUPPERCASEANDLOWERCASE to module TestModule
16:07:41.270 [ForkJoinPool-1-worker-6] DEBUG org.owasp.securityshepherd.module.FlagHandler - User MockUser submitted invalid flag invalidFlag to module TestModule
16:07:41.368 [ForkJoinPool-1-worker-6] DEBUG org.owasp.securityshepherd.module.FlagHandler - User MockUser submitted invalid flag flag to module TestModule
16:07:41.375 [ForkJoinPool-1-worker-6] DEBUG org.owasp.securityshepherd.module.FlagHandler - User MockUser submitted invalid flag  to module TestModule
16:07:41.382 [ForkJoinPool-1-worker-6] DEBUG org.owasp.securityshepherd.module.FlagHandler - User MockUser submitted invalid flag invalidFlag to module TestModule
16:07:41.392 [ForkJoinPool-1-worker-6] DEBUG org.owasp.securityshepherd.module.FlagHandler - User MockUser submitted invalid flag  to module TestModule
16:07:41.403 [ForkJoinPool-1-worker-6] DEBUG org.owasp.securityshepherd.module.FlagHandler - User MockUser submitted valid flag validflagwithuppercaseandlowercase to module TestModule
]]></system-out>
  <system-err><![CDATA[]]></system-err>
</testsuite>
