<?xml version="1.0" encoding="UTF-8"?>
<testsuite name="SubmissionDto unit test" tests="3" skipped="0" failures="0" errors="0" timestamp="2020-09-14T14:07:38" hostname="PCSE07195" time="0.479">
  <properties/>
  <testcase name="buildComment_ValidComment_Builds()" classname="org.owasp.securityshepherd.test.model.SubmissionDtoTest" time="0.014"/>
  <testcase name="toString_ValidData_AsExpected()" classname="org.owasp.securityshepherd.test.model.SubmissionDtoTest" time="0.0"/>
  <testcase name="equals_EqualsVerifier_AsExpected()" classname="org.owasp.securityshepherd.test.model.SubmissionDtoTest" time="0.47"/>
  <system-out><![CDATA[]]></system-out>
  <system-err><![CDATA[]]></system-err>
</testsuite>
