<?xml version="1.0" encoding="UTF-8"?>
<testsuite name="ModuleController unit test" tests="6" skipped="0" failures="0" errors="0" timestamp="2020-09-14T14:07:32" hostname="PCSE07195" time="2.86">
  <properties/>
  <testcase name="findAllByUserId_IdExists_ReturnsModule()" classname="org.owasp.securityshepherd.test.controller.ModuleControllerTest" time="2.772"/>
  <testcase name="getModuleByShortName_ShortNameExists_ReturnsModule()" classname="org.owasp.securityshepherd.test.controller.ModuleControllerTest" time="2.808"/>
  <testcase name="getModuleById_IdDoesNotExist_ReturnsModule()" classname="org.owasp.securityshepherd.test.controller.ModuleControllerTest" time="0.006"/>
  <testcase name="getModuleByShortName_ShortNameDoesNotExist_ReturnsEmpty()" classname="org.owasp.securityshepherd.test.controller.ModuleControllerTest" time="0.032"/>
  <testcase name="getModuleById_IdExists_ReturnsModule()" classname="org.owasp.securityshepherd.test.controller.ModuleControllerTest" time="0.007"/>
  <testcase name="findAllByUserId_NotAuthenticated_ReturnsNotAuthenticatedException()" classname="org.owasp.securityshepherd.test.controller.ModuleControllerTest" time="0.004"/>
  <system-out><![CDATA[16:07:32.662 [ForkJoinPool-1-worker-3] DEBUG reactor.core.publisher.Hooks - Enabling stacktrace debugging via onOperatorDebug
]]></system-out>
  <system-err><![CDATA[]]></system-err>
</testsuite>
