<?xml version="1.0" encoding="UTF-8"?>
<testsuite name="PasswordLoginDto unit test" tests="3" skipped="0" failures="0" errors="0" timestamp="2020-09-14T14:07:37" hostname="PCSE07195" time="1.072">
  <properties/>
  <testcase name="buildComment_ValidComment_Builds()" classname="org.owasp.securityshepherd.test.model.PasswordLoginDtoTest" time="0.031"/>
  <testcase name="toString_ValidData_AsExpected()" classname="org.owasp.securityshepherd.test.model.PasswordLoginDtoTest" time="0.006"/>
  <testcase name="equals_EqualsVerifier_AsExpected()" classname="org.owasp.securityshepherd.test.model.PasswordLoginDtoTest" time="1.055"/>
  <system-out><![CDATA[]]></system-out>
  <system-err><![CDATA[]]></system-err>
</testsuite>
