<?xml version="1.0" encoding="UTF-8"?>
<testsuite name="KeyService unit test" tests="7" skipped="0" failures="0" errors="0" timestamp="2020-09-14T14:07:35" hostname="PCSE07195" time="1.727">
  <properties/>
  <testcase name="stringFlagToByte_ValidString_ReturnsString()" classname="org.owasp.securityshepherd.test.crypto.KeyServiceTest" time="0.114"/>
  <testcase name="byteFlagToString_ValidBytes_ReturnsString()" classname="org.owasp.securityshepherd.test.crypto.KeyServiceTest" time="0.002"/>
  <testcase name="generateRandomBytes_NoSuchAlgorithmException_ThrowsRngException()" classname="org.owasp.securityshepherd.test.crypto.KeyServiceTest" time="0.117"/>
  <testcase name="convertByteKeyToString_ValidInput_ReturnsExpectedOutput()" classname="org.owasp.securityshepherd.test.crypto.KeyServiceTest" time="0.004"/>
  <testcase name="convertStringKeyToBytes_ValidInput_ReturnsExpectedOutput()" classname="org.owasp.securityshepherd.test.crypto.KeyServiceTest" time="0.001"/>
  <testcase name="generateRandomString_ValidLength_ReturnsRandomString()" classname="org.owasp.securityshepherd.test.crypto.KeyServiceTest" time="1.458"/>
  <testcase name="generateRandomBytes_ValidLength_ReturnsRandomBytes()" classname="org.owasp.securityshepherd.test.crypto.KeyServiceTest" time="0.007"/>
  <system-out><![CDATA[16:07:35.865 [ForkJoinPool-1-worker-5] DEBUG reactor.core.publisher.Hooks - Enabling stacktrace debugging via onOperatorDebug
]]></system-out>
  <system-err><![CDATA[]]></system-err>
</testsuite>
