<?xml version="1.0" encoding="UTF-8"?>
<testsuite name="ClassService unit test" tests="14" skipped="0" failures="0" errors="0" timestamp="2020-09-14T14:07:39" hostname="PCSE07195" time="1.064">
  <properties/>
  <testcase name="Setting a class name to an invalid name should return InvalidClassIdException" classname="org.owasp.securityshepherd.test.service.ClassServiceTest" time="0.409"/>
  <testcase name="Setting the name of a class should change the class name" classname="org.owasp.securityshepherd.test.service.ClassServiceTest" time="0.225"/>
  <testcase name="create() should return NullPointerException when called with null name" classname="org.owasp.securityshepherd.test.service.ClassServiceTest" time="0.003"/>
  <testcase name="Setting the name of a class to null should return IllegalArgumentException" classname="org.owasp.securityshepherd.test.service.ClassServiceTest" time="0.001"/>
  <testcase name="create() should return DuplicateClassNameException when the given name is already taken" classname="org.owasp.securityshepherd.test.service.ClassServiceTest" time="0.005"/>
  <testcase name="Checking if an existing class id exists should return true" classname="org.owasp.securityshepherd.test.service.ClassServiceTest" time="0.002"/>
  <testcase name="Checking if a non-existent class exists should return false" classname="org.owasp.securityshepherd.test.service.ClassServiceTest" time="0.002"/>
  <testcase name="Getting an invalid class id should return InvalidClassIdException" classname="org.owasp.securityshepherd.test.service.ClassServiceTest" time="0.002"/>
  <testcase name="Getting a class id should return the correct class" classname="org.owasp.securityshepherd.test.service.ClassServiceTest" time="0.003"/>
  <testcase name="count() call the count function of ClassRepository and return its same value" classname="org.owasp.securityshepherd.test.service.ClassServiceTest" time="0.002"/>
  <testcase name="Setting the name of a class that does not exist should return ClassIdNotFoundException" classname="org.owasp.securityshepherd.test.service.ClassServiceTest" time="0.004"/>
  <testcase name="create() should return IllegalArgumentException when called with an empty name" classname="org.owasp.securityshepherd.test.service.ClassServiceTest" time="0.416"/>
  <testcase name="create() should return a class" classname="org.owasp.securityshepherd.test.service.ClassServiceTest" time="0.635"/>
  <testcase name="Setting a class name to a name that is taken should return DuplicateClassNameException" classname="org.owasp.securityshepherd.test.service.ClassServiceTest" time="0.561"/>
  <system-out><![CDATA[16:07:39.210 [ForkJoinPool-1-worker-5] DEBUG reactor.core.publisher.Hooks - Enabling stacktrace debugging via onOperatorDebug
16:07:39.356 [ForkJoinPool-1-worker-7] INFO org.owasp.securityshepherd.module.sqlinjection.SqlInjectionTutorial - Creating sql tutorial module
16:07:39.368 [ForkJoinPool-1-worker-3] INFO org.owasp.securityshepherd.module.sqlinjection.SqlInjectionTutorial - Creating sql tutorial module
16:07:39.862 [ForkJoinPool-1-worker-5] DEBUG org.owasp.securityshepherd.service.ClassService - Creating class with name TestClass
]]></system-out>
  <system-err><![CDATA[]]></system-err>
</testsuite>
