<?xml version="1.0" encoding="UTF-8"?>
<testsuite name="XssTutorialController unit test" tests="2" skipped="0" failures="0" errors="0" timestamp="2020-09-14T14:07:38" hostname="PCSE07195" time="0.451">
  <properties/>
  <testcase name="search_NotAutenticated_CallsModule()" classname="org.owasp.securityshepherd.test.module.xss.XssTutorialControllerTest" time="0.012"/>
  <testcase name="search_Autenticated_CallsModule()" classname="org.owasp.securityshepherd.test.module.xss.XssTutorialControllerTest" time="0.444"/>
  <system-out><![CDATA[16:07:38.683 [ForkJoinPool-1-worker-4] DEBUG reactor.core.publisher.Hooks - Enabling stacktrace debugging via onOperatorDebug
16:07:38.686 [ForkJoinPool-1-worker-2] DEBUG reactor.core.publisher.Hooks - Enabling stacktrace debugging via onOperatorDebug
]]></system-out>
  <system-err><![CDATA[]]></system-err>
</testsuite>
