<?xml version="1.0" encoding="UTF-8"?>
<testsuite name="SqlInjectionTutorialController unit test" tests="2" skipped="0" failures="0" errors="0" timestamp="2020-09-14T14:07:38" hostname="PCSE07195" time="0.369">
  <properties/>
  <testcase name="search_NotAutenticated_CallsModule()" classname="org.owasp.securityshepherd.test.module.sql.SqlInjectionTutorialControllerTest" time="0.009"/>
  <testcase name="search_Autenticated_CallsModule()" classname="org.owasp.securityshepherd.test.module.sql.SqlInjectionTutorialControllerTest" time="0.359"/>
  <system-out><![CDATA[]]></system-out>
  <system-err><![CDATA[]]></system-err>
</testsuite>
