<?xml version="1.0" encoding="UTF-8"?>
<testsuite name="UserController unit test" tests="5" skipped="0" failures="0" errors="0" timestamp="2020-09-14T14:07:35" hostname="PCSE07195" time="0.283">
  <properties/>
  <testcase name="findAll_NoUsersExist_ReturnsEmpty()" classname="org.owasp.securityshepherd.test.controller.UserControllerTest" time="0.067"/>
  <testcase name="deleteById_ValidId_CallsUserService()" classname="org.owasp.securityshepherd.test.controller.UserControllerTest" time="0.005"/>
  <testcase name="findById_UserIdDoesNotExist_ReturnsUser()" classname="org.owasp.securityshepherd.test.controller.UserControllerTest" time="0.002"/>
  <testcase name="findById_UserIdExists_ReturnsUser()" classname="org.owasp.securityshepherd.test.controller.UserControllerTest" time="0.207"/>
  <testcase name="findAll_UsersExist_ReturnsUsers()" classname="org.owasp.securityshepherd.test.controller.UserControllerTest" time="0.17"/>
  <system-out><![CDATA[16:07:35.489 [ForkJoinPool-1-worker-5] DEBUG reactor.core.publisher.Hooks - Enabling stacktrace debugging via onOperatorDebug
16:07:35.561 [ForkJoinPool-1-worker-5] DEBUG org.owasp.securityshepherd.user.UserController - Deleting user with id 317
16:07:35.564 [ForkJoinPool-1-worker-7] INFO org.owasp.securityshepherd.application.StartupRunner - Running StartupRunner
]]></system-out>
  <system-err><![CDATA[]]></system-err>
</testsuite>
