<?xml version="1.0" encoding="UTF-8"?>
<testsuite name="XssTutorial unit test" tests="11" skipped="0" failures="0" errors="0" timestamp="2020-09-14T14:07:38" hostname="PCSE07195" time="0.486">
  <properties/>
  <testcase name="getShortName_ReturnsXssTutorial()" classname="org.owasp.securityshepherd.test.module.xss.XssTutorialTest" time="0.183"/>
  <testcase name="initialize_ValidModuleName_InitializesModule()" classname="org.owasp.securityshepherd.test.module.xss.XssTutorialTest" time="0.025"/>
  <testcase name="submitQuery_NoAlert_ReturnsQuery()" classname="org.owasp.securityshepherd.test.module.xss.XssTutorialTest" time="0.135"/>
  <testcase name="getModuleId_ModuleIntialized_ReturnsModuleId()" classname="org.owasp.securityshepherd.test.module.xss.XssTutorialTest" time="0.005"/>
  <testcase name="getName_ReturnsXssTutorial()" classname="org.owasp.securityshepherd.test.module.xss.XssTutorialTest" time="0.001"/>
  <testcase name="initialize_DuplicateModuleShortName_ReturnsException()" classname="org.owasp.securityshepherd.test.module.xss.XssTutorialTest" time="0.003"/>
  <testcase name="getDescription_IsNotEmpty()" classname="org.owasp.securityshepherd.test.module.xss.XssTutorialTest" time="0.001"/>
  <testcase name="submitQuery_MakesAlert_ReturnsFlag()" classname="org.owasp.securityshepherd.test.module.xss.XssTutorialTest" time="0.061"/>
  <testcase name="getModuleId_ModuleNotIntialized_ThrowsModuleNotInitializedException()" classname="org.owasp.securityshepherd.test.module.xss.XssTutorialTest" time="0.012"/>
  <testcase name="submitQuery_ModuleNotIntialized_ReturnsModuleNotInitializedException()" classname="org.owasp.securityshepherd.test.module.xss.XssTutorialTest" time="0.001"/>
  <testcase name="initialize_DuplicateModuleName_ReturnsException()" classname="org.owasp.securityshepherd.test.module.xss.XssTutorialTest" time="0.005"/>
  <system-out><![CDATA[16:07:38.709 [ForkJoinPool-1-worker-5] DEBUG reactor.core.publisher.Hooks - Enabling stacktrace debugging via onOperatorDebug
16:07:38.727 [ForkJoinPool-1-worker-0] DEBUG org.springframework.data.convert.CustomConversions - Adding user defined converter from class java.time.LocalDate to class java.time.LocalDate as writing converter.
16:07:38.728 [ForkJoinPool-1-worker-0] DEBUG org.springframework.data.convert.CustomConversions - Adding user defined converter from class java.time.LocalDateTime to class java.time.LocalDateTime as writing converter.
16:07:38.728 [ForkJoinPool-1-worker-0] DEBUG org.springframework.data.convert.CustomConversions - Adding user defined converter from class java.time.LocalTime to class java.time.LocalTime as writing converter.
16:07:38.729 [ForkJoinPool-1-worker-0] DEBUG org.springframework.data.convert.CustomConversions - Adding converter from interface io.r2dbc.spi.Row to class java.lang.Boolean as reading converter.
16:07:38.729 [ForkJoinPool-1-worker-0] DEBUG org.springframework.data.convert.CustomConversions - Adding converter from interface io.r2dbc.spi.Row to class java.lang.Number as reading converter.
16:07:38.729 [ForkJoinPool-1-worker-0] DEBUG org.springframework.data.convert.CustomConversions - Adding converter from interface io.r2dbc.spi.Row to class java.time.LocalDate as reading converter.
16:07:38.730 [ForkJoinPool-1-worker-0] DEBUG org.springframework.data.convert.CustomConversions - Adding converter from interface io.r2dbc.spi.Row to class java.time.LocalDateTime as reading converter.
16:07:38.730 [ForkJoinPool-1-worker-0] DEBUG org.springframework.data.convert.CustomConversions - Adding converter from interface io.r2dbc.spi.Row to class java.time.LocalTime as reading converter.
16:07:38.730 [ForkJoinPool-1-worker-0] DEBUG org.springframework.data.convert.CustomConversions - Adding converter from interface io.r2dbc.spi.Row to class java.time.OffsetDateTime as reading converter.
16:07:38.730 [ForkJoinPool-1-worker-0] DEBUG org.springframework.data.convert.CustomConversions - Adding converter from interface io.r2dbc.spi.Row to class java.lang.String as reading converter.
16:07:38.731 [ForkJoinPool-1-worker-0] DEBUG org.springframework.data.convert.CustomConversions - Adding converter from interface io.r2dbc.spi.Row to class java.util.UUID as reading converter.
16:07:38.731 [ForkJoinPool-1-worker-0] DEBUG org.springframework.data.convert.CustomConversions - Adding converter from interface io.r2dbc.spi.Row to class java.time.ZonedDateTime as reading converter.
16:07:38.796 [ForkJoinPool-1-worker-0] DEBUG org.springframework.data.convert.CustomConversions - Adding converter from class java.util.Date to class java.time.LocalDateTime as reading converter.
16:07:38.798 [ForkJoinPool-1-worker-0] DEBUG org.springframework.data.convert.CustomConversions - Adding converter from class java.time.LocalDateTime to class java.util.Date as writing converter.
16:07:38.798 [ForkJoinPool-1-worker-0] DEBUG org.springframework.data.convert.CustomConversions - Adding converter from class java.util.Date to class java.time.LocalDate as reading converter.
16:07:38.799 [ForkJoinPool-1-worker-0] DEBUG org.springframework.data.convert.CustomConversions - Adding converter from class java.time.LocalDate to class java.util.Date as writing converter.
16:07:38.799 [ForkJoinPool-1-worker-0] DEBUG org.springframework.data.convert.CustomConversions - Adding converter from class java.util.Date to class java.time.LocalTime as reading converter.
16:07:38.800 [ForkJoinPool-1-worker-0] DEBUG org.springframework.data.convert.CustomConversions - Adding converter from class java.time.LocalTime to class java.util.Date as writing converter.
16:07:38.800 [ForkJoinPool-1-worker-0] DEBUG org.springframework.data.convert.CustomConversions - Adding converter from class java.util.Date to class java.time.Instant as reading converter.
16:07:38.801 [ForkJoinPool-1-worker-0] DEBUG org.springframework.data.convert.CustomConversions - Adding converter from class java.time.Instant to class java.util.Date as writing converter.
16:07:38.801 [ForkJoinPool-1-worker-0] DEBUG org.springframework.data.convert.CustomConversions - Adding converter from class java.time.LocalDateTime to class java.time.Instant as reading converter.
16:07:38.801 [ForkJoinPool-1-worker-0] DEBUG org.springframework.data.convert.CustomConversions - Adding converter from class java.time.Instant to class java.time.LocalDateTime as reading converter.
16:07:38.801 [ForkJoinPool-1-worker-0] DEBUG org.springframework.data.convert.CustomConversions - Adding converter from class java.time.ZoneId to class java.lang.String as writing converter.
16:07:38.802 [ForkJoinPool-1-worker-0] DEBUG org.springframework.data.convert.CustomConversions - Adding converter from class java.lang.String to class java.time.ZoneId as reading converter.
16:07:38.803 [ForkJoinPool-1-worker-0] DEBUG org.springframework.data.convert.CustomConversions - Adding converter from class java.time.Duration to class java.lang.String as writing converter.
16:07:38.803 [ForkJoinPool-1-worker-0] DEBUG org.springframework.data.convert.CustomConversions - Adding converter from class java.lang.String to class java.time.Duration as reading converter.
16:07:38.803 [ForkJoinPool-1-worker-0] DEBUG org.springframework.data.convert.CustomConversions - Adding converter from class java.time.Period to class java.lang.String as writing converter.
16:07:38.803 [ForkJoinPool-1-worker-0] DEBUG org.springframework.data.convert.CustomConversions - Adding converter from class java.lang.String to class java.time.Period as reading converter.
16:07:38.804 [ForkJoinPool-1-worker-0] DEBUG org.springframework.data.convert.CustomConversions - Adding converter from class java.lang.String to class java.time.LocalDate as reading converter.
16:07:38.804 [ForkJoinPool-1-worker-0] DEBUG org.springframework.data.convert.CustomConversions - Adding converter from class java.lang.String to class java.time.LocalDateTime as reading converter.
16:07:38.804 [ForkJoinPool-1-worker-0] DEBUG org.springframework.data.convert.CustomConversions - Adding converter from class java.lang.String to class java.time.Instant as reading converter.
16:07:38.903 [ForkJoinPool-1-worker-5] INFO org.owasp.securityshepherd.module.xss.XssTutorial - Creating xss tutorial module
16:07:39.074 [ForkJoinPool-1-worker-5] INFO org.owasp.securityshepherd.module.xss.XssTutorial - Creating xss tutorial module
16:07:39.081 [ForkJoinPool-1-worker-5] INFO org.owasp.securityshepherd.module.xss.XssTutorial - Creating xss tutorial module
16:07:39.191 [ForkJoinPool-1-worker-4] DEBUG reactor.core.publisher.Hooks - Enabling stacktrace debugging via onOperatorDebug
16:07:39.196 [ForkJoinPool-1-worker-5] INFO org.owasp.securityshepherd.module.xss.XssTutorial - Creating xss tutorial module
]]></system-out>
  <system-err><![CDATA[]]></system-err>
</testsuite>
