<?xml version="1.0" encoding="UTF-8"?>
<testsuite name="SecurityContextRepository unit test" tests="4" skipped="0" failures="0" errors="0" timestamp="2020-09-14T14:07:42" hostname="PCSE07195" time="1.605">
  <properties/>
  <testcase name="save_NotImplemented()" classname="org.owasp.securityshepherd.test.service.SecurityContextRepositoryTest" time="0.797"/>
  <testcase name="load_NullHeader_ReturnsSecurityContext()" classname="org.owasp.securityshepherd.test.service.SecurityContextRepositoryTest" time="0.786"/>
  <testcase name="load_InvalidHeader_ReturnsSecurityContext()" classname="org.owasp.securityshepherd.test.service.SecurityContextRepositoryTest" time="0.799"/>
  <testcase name="load_ValidHeader_ReturnsSecurityContext()" classname="org.owasp.securityshepherd.test.service.SecurityContextRepositoryTest" time="2.348"/>
  <system-out><![CDATA[16:07:41.586 [ForkJoinPool-1-worker-6] DEBUG reactor.core.publisher.Hooks - Enabling stacktrace debugging via onOperatorDebug
16:07:42.929 [ForkJoinPool-1-worker-4] INFO org.owasp.securityshepherd.module.sqlinjection.SqlInjectionTutorial - Creating sql tutorial module
]]></system-out>
  <system-err><![CDATA[]]></system-err>
</testsuite>
