<?xml version="1.0" encoding="UTF-8"?>
<testsuite name="CorrectionService unit test" tests="2" skipped="0" failures="0" errors="0" timestamp="2020-09-14T14:07:39" hostname="PCSE07195" time="0.547">
  <properties/>
  <testcase name="submit_ValidUserId_ReturnsCorrection()" classname="org.owasp.securityshepherd.test.service.CorrectionServiceTest" time="0.47"/>
  <testcase name="submit_InvalidUserId_ReturnsInvalidUserIdException()" classname="org.owasp.securityshepherd.test.service.CorrectionServiceTest" time="0.45"/>
  <system-out><![CDATA[16:07:39.906 [ForkJoinPool-1-worker-0] DEBUG reactor.core.publisher.Hooks - Enabling stacktrace debugging via onOperatorDebug
16:07:39.995 [ForkJoinPool-1-worker-7] DEBUG org.owasp.securityshepherd.service.ClassService - Creating class with name TestClass
]]></system-out>
  <system-err><![CDATA[]]></system-err>
</testsuite>
