<?xml version="1.0" encoding="UTF-8"?>
<testsuite name="ModuleService unit test" tests="33" skipped="0" failures="0" errors="0" timestamp="2020-09-14T14:07:41" hostname="PCSE07195" time="0.746">
  <properties/>
  <testcase name="findAll_NoModulesExist_ReturnsEmpty()" classname="org.owasp.securityshepherd.test.service.ModuleServiceTest" time="0.057"/>
  <testcase name="setDynamicFlag_FlagPreviouslySet_ReturnPreviousFlag()" classname="org.owasp.securityshepherd.test.service.ModuleServiceTest" time="0.782"/>
  <testcase name="findByShortName_NullShortName_ReturnsNullPointerException()" classname="org.owasp.securityshepherd.test.service.ModuleServiceTest" time="0.004"/>
  <testcase name="setName_ValidName_Succeeds()" classname="org.owasp.securityshepherd.test.service.ModuleServiceTest" time="0.01"/>
  <testcase name="setExactFlag_ValidFlag_SetsFlagToExact()" classname="org.owasp.securityshepherd.test.service.ModuleServiceTest" time="0.006"/>
  <testcase name="create_EmptyName_ReturnsIllegalArgumentException()" classname="org.owasp.securityshepherd.test.service.ModuleServiceTest" time="0.006"/>
  <testcase name="findById_NonExistentModuleId_ReturnsEmpty()" classname="org.owasp.securityshepherd.test.service.ModuleServiceTest" time="0.011"/>
  <testcase name="create_ValidSubmittableModule_Succeeds()" classname="org.owasp.securityshepherd.test.service.ModuleServiceTest" time="0.598"/>
  <testcase name="create_DuplicateName_ReturnsDuplicateModuleNameException()" classname="org.owasp.securityshepherd.test.service.ModuleServiceTest" time="0.004"/>
  <testcase name="create_NullName_ReturnsNullPointerException()" classname="org.owasp.securityshepherd.test.service.ModuleServiceTest" time="0.001"/>
  <testcase name="findById_InvalidModuleId_ReturnsInvalidModuleIdException()" classname="org.owasp.securityshepherd.test.service.ModuleServiceTest" time="0.003"/>
  <testcase name="findNameById_NonExistentModuleId_ReturnsEmpty()" classname="org.owasp.securityshepherd.test.service.ModuleServiceTest" time="0.002"/>
  <testcase name="setName_InvalidModuleId_ReturnsInvalidModuleIdException()" classname="org.owasp.securityshepherd.test.service.ModuleServiceTest" time="0.004"/>
  <testcase name="findAllOpen_NoModulesExist_ReturnsEmpty()" classname="org.owasp.securityshepherd.test.service.ModuleServiceTest" time="0.001"/>
  <testcase name="setExactFlag_EmptyExactFlag_ReturnsInvalidFlagException()" classname="org.owasp.securityshepherd.test.service.ModuleServiceTest" time="0.001"/>
  <testcase name="setExactFlag_InvalidModuleId_ReturnsInvalidModuleIdException()" classname="org.owasp.securityshepherd.test.service.ModuleServiceTest" time="0.002"/>
  <testcase name="findByShortName_EmptyShortName_ReturnsInvalidShortNameException()" classname="org.owasp.securityshepherd.test.service.ModuleServiceTest" time="0.002"/>
  <testcase name="setDynamicFlag_ZeroModuleId_ReturnsInvalidModuleIdException()" classname="org.owasp.securityshepherd.test.service.ModuleServiceTest" time="0.001"/>
  <testcase name="findNameById_ExistingModuleId_ReturnsUserEntity()" classname="org.owasp.securityshepherd.test.service.ModuleServiceTest" time="0.002"/>
  <testcase name="create_NameAndShortnameAndDescription_Succeeds()" classname="org.owasp.securityshepherd.test.service.ModuleServiceTest" time="0.004"/>
  <testcase name="findByShortName_NonExistentShortName_ReturnsEmpty()" classname="org.owasp.securityshepherd.test.service.ModuleServiceTest" time="0.002"/>
  <testcase name="create_NameAndShortnameSucceeds()" classname="org.owasp.securityshepherd.test.service.ModuleServiceTest" time="0.004"/>
  <testcase name="setDynamicFlag_NoPreviousFlag_GeneratesNewFlag()" classname="org.owasp.securityshepherd.test.service.ModuleServiceTest" time="0.008"/>
  <testcase name="findNameById_InvalidModuleId_ReturnsInvalidModuleIdException()" classname="org.owasp.securityshepherd.test.service.ModuleServiceTest" time="0.006"/>
  <testcase name="setDynamicFlag_NegativeModuleId_ReturnsInvalidModuleIdException()" classname="org.owasp.securityshepherd.test.service.ModuleServiceTest" time="0.002"/>
  <testcase name="setName_EmptyName_ReturnsEmptyModuleNameException()" classname="org.owasp.securityshepherd.test.service.ModuleServiceTest" time="0.001"/>
  <testcase name="count_NoArgument_ReturnsCount()" classname="org.owasp.securityshepherd.test.service.ModuleServiceTest" time="0.001"/>
  <testcase name="findByShortName_ExistingShortName_ReturnsModule()" classname="org.owasp.securityshepherd.test.service.ModuleServiceTest" time="0.002"/>
  <testcase name="findById_ModuleIdExists_ReturnsInvalidModuleIdException()" classname="org.owasp.securityshepherd.test.service.ModuleServiceTest" time="0.002"/>
  <testcase name="setExactFlag_NullExactFlag_ReturnsNulPointerException()" classname="org.owasp.securityshepherd.test.service.ModuleServiceTest" time="0.006"/>
  <testcase name="setName_NullName_ReturnsNullPointerException()" classname="org.owasp.securityshepherd.test.service.ModuleServiceTest" time="0.002"/>
  <testcase name="findAllOpen_OpenModulesExist_ReturnsOpenModules()" classname="org.owasp.securityshepherd.test.service.ModuleServiceTest" time="0.001"/>
  <testcase name="findAll_ModulesExist_ReturnsModules()" classname="org.owasp.securityshepherd.test.service.ModuleServiceTest" time="0.002"/>
  <system-out><![CDATA[16:07:40.328 [ForkJoinPool-1-worker-5] DEBUG reactor.core.publisher.Hooks - Enabling stacktrace debugging via onOperatorDebug
16:07:40.330 [ForkJoinPool-1-worker-6] DEBUG reactor.core.publisher.Hooks - Enabling stacktrace debugging via onOperatorDebug
16:07:41.552 [ForkJoinPool-1-worker-6] INFO org.owasp.securityshepherd.module.ModuleService - Setting name of module with id 30 to newName
16:07:41.713 [ForkJoinPool-1-worker-5] INFO org.owasp.securityshepherd.module.ModuleService - Creating new module with name TestModule and url test-module
16:07:41.748 [ForkJoinPool-1-worker-5] INFO org.owasp.securityshepherd.module.ModuleService - Creating new module with name TestModule and url test-module
16:07:41.754 [ForkJoinPool-1-worker-5] INFO org.owasp.securityshepherd.module.ModuleService - Creating new module with name TestModule and url test-module
]]></system-out>
  <system-err><![CDATA[]]></system-err>
</testsuite>
