<?xml version="1.0" encoding="UTF-8"?>
<testsuite name="ScoreService unit test" tests="4" skipped="0" failures="0" errors="0" timestamp="2020-09-14T14:07:40" hostname="PCSE07195" time="1.195">
  <properties/>
  <testcase name="setModuleScore_ValidModuleIdAndRank_ReturnsScore()" classname="org.owasp.securityshepherd.test.service.ScoreServiceTest" time="0.813"/>
  <testcase name="submit_InvalidUserId_ReturnsInvalidUserIdException()" classname="org.owasp.securityshepherd.test.service.ScoreServiceTest" time="0.005"/>
  <testcase name="submit_InvalidRank_ReturnsRankException()" classname="org.owasp.securityshepherd.test.service.ScoreServiceTest" time="0.002"/>
  <testcase name="getScoreboard_NoArguments_CallsRepository()" classname="org.owasp.securityshepherd.test.service.ScoreServiceTest" time="0.382"/>
  <system-out><![CDATA[16:07:40.464 [ForkJoinPool-1-worker-0] DEBUG reactor.core.publisher.Hooks - Enabling stacktrace debugging via onOperatorDebug
16:07:40.466 [ForkJoinPool-1-worker-1] INFO org.owasp.securityshepherd.user.UserService - Demoting user with id 933 to user
16:07:41.278 [ForkJoinPool-1-worker-6] DEBUG org.owasp.securityshepherd.module.FlagHandler - User MockUser submitted valid flag validFlag to module TestModule
]]></system-out>
  <system-err><![CDATA[]]></system-err>
</testsuite>
