<?xml version="1.0" encoding="UTF-8"?>
<testsuite name="ConfigurationService unit test" tests="4" skipped="0" failures="0" errors="0" timestamp="2020-09-14T14:07:39" hostname="PCSE07195" time="1.311">
  <properties/>
  <testcase name="refreshServerKey_KeyDoesNotExist_GeneratesNewKey()" classname="org.owasp.securityshepherd.test.service.ConfigurationServiceTest" time="0.597"/>
  <testcase name="getServerKey_NoKeyExists_ReturnsNewKey()" classname="org.owasp.securityshepherd.test.service.ConfigurationServiceTest" time="0.019"/>
  <testcase name="refreshServerKey_KeyExists_GeneratesNewKey()" classname="org.owasp.securityshepherd.test.service.ConfigurationServiceTest" time="0.595"/>
  <testcase name="getServerKey_KeyExists_ReturnsExistingKey()" classname="org.owasp.securityshepherd.test.service.ConfigurationServiceTest" time="0.056"/>
  <system-out><![CDATA[16:07:39.734 [ForkJoinPool-1-worker-4] DEBUG reactor.core.publisher.Hooks - Enabling stacktrace debugging via onOperatorDebug
16:07:40.349 [ForkJoinPool-1-worker-4] INFO org.owasp.securityshepherd.service.ConfigurationService - Refreshing server key
16:07:40.349 [ForkJoinPool-1-worker-4] DEBUG org.owasp.securityshepherd.service.ConfigurationService - Creating configuration key serverKey with value ign53RGMogDgi0GBDFIJHQ==
]]></system-out>
  <system-err><![CDATA[]]></system-err>
</testsuite>
