<?xml version="1.0" encoding="UTF-8"?>
<testsuite name="Role unit test" tests="2" skipped="0" failures="0" errors="0" timestamp="2020-09-14T14:07:38" hostname="PCSE07195" time="0.004">
  <properties/>
  <testcase name="adminRole_ToString_IsRoleAdmin()" classname="org.owasp.securityshepherd.test.model.RoleTest" time="0.003"/>
  <testcase name="userRole_ToString_IsRoleUser()" classname="org.owasp.securityshepherd.test.model.RoleTest" time="0.0"/>
  <system-out><![CDATA[]]></system-out>
  <system-err><![CDATA[]]></system-err>
</testsuite>
