<?xml version="1.0" encoding="UTF-8"?>
<testsuite name="PasswordRegistrationDto unit test" tests="3" skipped="0" failures="0" errors="0" timestamp="2020-09-14T14:07:37" hostname="PCSE07195" time="0.765">
  <properties/>
  <testcase name="buildComment_ValidComment_Builds()" classname="org.owasp.securityshepherd.test.model.PasswordRegistrationDtoTest" time="0.168"/>
  <testcase name="toString_ValidData_AsExpected()" classname="org.owasp.securityshepherd.test.model.PasswordRegistrationDtoTest" time="0.001"/>
  <testcase name="equals_EqualsVerifier_AsExpected()" classname="org.owasp.securityshepherd.test.model.PasswordRegistrationDtoTest" time="0.592"/>
  <system-out><![CDATA[]]></system-out>
  <system-err><![CDATA[]]></system-err>
</testsuite>
