<?xml version="1.0" encoding="UTF-8"?>
<testsuite name="AuthenticationManager unit test" tests="2" skipped="0" failures="0" errors="0" timestamp="2020-09-14T14:07:39" hostname="PCSE07195" time="0.537">
  <properties/>
  <testcase name="authenticate_InvalidAuthentication_ReturnsValidAuthentication()" classname="org.owasp.securityshepherd.test.service.AuthenticationManagerTest" time="0.005"/>
  <testcase name="authenticate_ValidAuthentication_ReturnsValidAuthentication()" classname="org.owasp.securityshepherd.test.service.AuthenticationManagerTest" time="0.532"/>
  <system-out><![CDATA[]]></system-out>
  <system-err><![CDATA[]]></system-err>
</testsuite>
