<?xml version="1.0" encoding="UTF-8"?>
<testsuite name="CryptoFactory unit test" tests="4" skipped="0" failures="0" errors="0" timestamp="2020-09-14T14:07:35" hostname="PCSE07195" time="2.369">
  <properties/>
  <testcase name="getPrng_ReturnsSecureRandomInstance()" classname="org.owasp.securityshepherd.test.crypto.CryptoFactoryTest" time="0.066"/>
  <testcase name="getHmacKey_ValidKey_ReturnsMacInstance()" classname="org.owasp.securityshepherd.test.crypto.CryptoFactoryTest" time="0.005"/>
  <testcase name="getHmacKey_NullKey_ThrowsIllegalArgumentException()" classname="org.owasp.securityshepherd.test.crypto.CryptoFactoryTest" time="0.035"/>
  <testcase name="getHmac_ReturnsMacInstance()" classname="org.owasp.securityshepherd.test.crypto.CryptoFactoryTest" time="2.44"/>
  <system-out><![CDATA[16:07:35.478 [ForkJoinPool-1-worker-6] DEBUG reactor.core.publisher.Hooks - Enabling stacktrace debugging via onOperatorDebug
]]></system-out>
  <system-err><![CDATA[]]></system-err>
</testsuite>
